<?xml version="1.0" encoding="UTF-8"?>
<!-- Generated by org.testng.reporters.JUnitXMLReporter -->
<testsuite ignored="0" hostname="DESKTOP-CPNL6G4" failures="0" tests="4" name="Run on firefox" time="17.654" errors="0" timestamp="05 Aug 2021 08:18:44 GMT">
  <testcase classname="bankguru.customer.Customer_07_Ministatement" name="@BeforeClass beforeClass" time="15.64">
    <failure type="org.openqa.selenium.UnhandledAlertException" message="unexpected alert open: {Alert text : Customer could not be added !!}
  (Session info: chrome=92.0.4515.131): Customer could not be added !!
Build info: version: &amp;apos;3.141.59&amp;apos;, revision: &amp;apos;e82be7d358&amp;apos;, time: &amp;apos;2018-11-14T08:17:03&amp;apos;
System info: host: &amp;apos;DESKTOP-CPNL6G4&amp;apos;, ip: &amp;apos;192.168.100.11&amp;apos;, os.name: &amp;apos;Windows 10&amp;apos;, os.arch: &amp;apos;amd64&amp;apos;, os.version: &amp;apos;10.0&amp;apos;, java.version: &amp;apos;15.0.2&amp;apos;
Driver info: org.openqa.selenium.chrome.ChromeDriver
Capabilities {acceptInsecureCerts: false, browserName: chrome, browserVersion: 92.0.4515.131, chrome: {chromedriverVersion: 92.0.4515.107 (87a818b10553..., userDataDir: C:\Users\vailu\AppData\Loca...}, goog:chromeOptions: {debuggerAddress: localhost:57541}, javascriptEnabled: true, networkConnectionEnabled: false, pageLoadStrategy: normal, platform: WINDOWS, platformName: WINDOWS, proxy: Proxy(), setWindowRect: true, strictFileInteractability: false, timeouts: {implicit: 0, pageLoad: 300000, script: 30000}, unhandledPromptBehavior: dismiss and notify, webauthn:extension:credBlob: true, webauthn:extension:largeBlob: true, webauthn:virtualAuthenticators: true}
Session ID: ae8b17d289bc3f0e75e81e592a7f1afa
*** Element info: {Using=xpath, value=//p[text()=&amp;apos;Customer Registered Successfully!!!&amp;apos;]}">
      <![CDATA[org.openqa.selenium.UnhandledAlertException: unexpected alert open: {Alert text : Customer could not be added !!}
  (Session info: chrome=92.0.4515.131): Customer could not be added !!
Build info: version: '3.141.59', revision: 'e82be7d358', time: '2018-11-14T08:17:03'
System info: host: 'DESKTOP-CPNL6G4', ip: '192.168.100.11', os.name: 'Windows 10', os.arch: 'amd64', os.version: '10.0', java.version: '15.0.2'
Driver info: org.openqa.selenium.chrome.ChromeDriver
Capabilities {acceptInsecureCerts: false, browserName: chrome, browserVersion: 92.0.4515.131, chrome: {chromedriverVersion: 92.0.4515.107 (87a818b10553..., userDataDir: C:\Users\vailu\AppData\Loca...}, goog:chromeOptions: {debuggerAddress: localhost:57541}, javascriptEnabled: true, networkConnectionEnabled: false, pageLoadStrategy: normal, platform: WINDOWS, platformName: WINDOWS, proxy: Proxy(), setWindowRect: true, strictFileInteractability: false, timeouts: {implicit: 0, pageLoad: 300000, script: 30000}, unhandledPromptBehavior: dismiss and notify, webauthn:extension:credBlob: true, webauthn:extension:largeBlob: true, webauthn:virtualAuthenticators: true}
Session ID: ae8b17d289bc3f0e75e81e592a7f1afa
*** Element info: {Using=xpath, value=//p[text()='Customer Registered Successfully!!!']}
at org.openqa.selenium.remote.http.W3CHttpResponseCodec.decode(W3CHttpResponseCodec.java:120)
at org.openqa.selenium.remote.http.W3CHttpResponseCodec.decode(W3CHttpResponseCodec.java:49)
at org.openqa.selenium.remote.HttpCommandExecutor.execute(HttpCommandExecutor.java:158)
at org.openqa.selenium.remote.service.DriverCommandExecutor.execute(DriverCommandExecutor.java:83)
at org.openqa.selenium.remote.RemoteWebDriver.execute(RemoteWebDriver.java:552)
at org.openqa.selenium.remote.RemoteWebDriver.findElement(RemoteWebDriver.java:323)
at org.openqa.selenium.remote.RemoteWebDriver.findElementByXPath(RemoteWebDriver.java:428)
at org.openqa.selenium.By$ByXPath.findElement(By.java:353)
at org.openqa.selenium.remote.RemoteWebDriver.findElement(RemoteWebDriver.java:315)
at commons.BasePage.getWebElement(BasePage.java:122)
at commons.BasePage.waitforElementVisible(BasePage.java:408)
at pageObject.CustomerPageObject.isSuccessMessageDisplayed(CustomerPageObject.java:17)
at bankguru.customer.Customer_07_Ministatement.beforeClass(Customer_07_Ministatement.java:114)
at java.base/java.util.concurrent.FutureTask.run(FutureTask.java:264)
at java.base/java.util.concurrent.ThreadPoolExecutor.runWorker(ThreadPoolExecutor.java:1130)
at java.base/java.util.concurrent.ThreadPoolExecutor$Worker.run(ThreadPoolExecutor.java:630)
at java.base/java.lang.Thread.run(Thread.java:832)
... Removed 17 stack frames]]>
    </failure>
  </testcase> <!-- @BeforeClass beforeClass -->
  <testcase classname="bankguru.customer.Customer_07_Ministatement" name="TC_01_Mini_Statement_AccountNo_Canot_Be_Empty" time="0.0">
    <skipped/>
  </testcase> <!-- TC_01_Mini_Statement_AccountNo_Canot_Be_Empty -->
  <testcase classname="bankguru.customer.Customer_07_Ministatement" name="TC_02_Mini_Statement_AccountNo_Must_Be_Numeric" time="0.0">
    <skipped/>
  </testcase> <!-- TC_02_Mini_Statement_AccountNo_Must_Be_Numeric -->
  <testcase classname="bankguru.customer.Customer_07_Ministatement" name="TC_03_Mini_Statement_AccountNo_Can_Not_Have_Special_Characters" time="0.0">
    <skipped/>
  </testcase> <!-- TC_03_Mini_Statement_AccountNo_Can_Not_Have_Special_Characters -->
  <testcase classname="bankguru.customer.Customer_07_Ministatement" name="TC_04_Mini_Statement_AccountNo_Valid_AccountNo" time="0.0">
    <skipped/>
  </testcase> <!-- TC_04_Mini_Statement_AccountNo_Valid_AccountNo -->
</testsuite> <!-- Run on firefox -->
